<?xml version="1.0" encoding="UTF-8"?>
<!-- Generated by org.testng.reporters.JUnitReportReporter -->
<testsuite hostname="DESKTOP-A78VREA" failures="0" tests="1" name="org.test.Testingg.SellerMatrimony" time="63.437" errors="0" timestamp="2024-02-20T16:04:00 IST" skipped="0">
  <testcase classname="org.test.Testingg.SellerMatrimony" name="sellerJobs" time="63.437"/>
  <system-out/>
</testsuite> <!-- org.test.Testingg.SellerMatrimony -->
