<?xml version="1.0" encoding="UTF-8"?>
<!-- Generated by org.testng.reporters.JUnitReportReporter -->
<testsuite hostname="DESKTOP-A78VREA" failures="0" tests="1" name="org.test.Testingg.SellerElectronic" time="87.611" errors="0" timestamp="2024-02-17T15:05:33 IST" skipped="0">
  <testcase classname="org.test.Testingg.SellerElectronic" name="sellerElectronics" time="87.611"/>
  <system-out/>
</testsuite> <!-- org.test.Testingg.SellerElectronic -->
