<?xml version="1.0" encoding="UTF-8"?>
<!-- Generated by org.testng.reporters.JUnitReportReporter -->
<testsuite hostname="DESKTOP-A78VREA" failures="0" tests="1" name="org.elec.Electronic" time="67.874" errors="0" timestamp="2024-02-06T16:10:25 IST" skipped="0">
  <testcase classname="org.elec.Electronic" name="mobileandtablet" time="67.874"/>
  <system-out/>
</testsuite> <!-- org.elec.Electronic -->
