<?xml version="1.0" encoding="UTF-8"?>
<!-- Generated by org.testng.reporters.JUnitReportReporter -->
<testsuite hostname="DESKTOP-A78VREA" failures="0" tests="1" name="org.test.Testingg.Jobs" time="22.253" errors="0" timestamp="2024-02-14T16:53:42 IST" skipped="0">
  <testcase classname="org.test.Testingg.Jobs" name="jobs" time="22.253"/>
  <system-out/>
</testsuite> <!-- org.test.Testingg.Jobs -->
