<?xml version="1.0" encoding="UTF-8"?>
<!-- Generated by org.testng.reporters.JUnitReportReporter -->
<testsuite hostname="DESKTOP-A78VREA" failures="0" tests="1" name="org.test.Testingg.SellerMobiles" time="73.300" errors="0" timestamp="2024-02-17T13:43:17 IST" skipped="0">
  <testcase classname="org.test.Testingg.SellerMobiles" name="sellerProperties" time="73.300"/>
  <system-out/>
</testsuite> <!-- org.test.Testingg.SellerMobiles -->
