<?xml version="1.0" encoding="UTF-8"?>
<!-- Generated by org.testng.reporters.JUnitReportReporter -->
<testsuite hostname="DESKTOP-A78VREA" failures="0" tests="1" name="org.test.Testingg.SellerHomelife" time="76.597" errors="0" timestamp="2024-02-17T15:24:22 IST" skipped="0">
  <testcase classname="org.test.Testingg.SellerHomelife" name="sellerElectronics" time="76.597"/>
  <system-out/>
</testsuite> <!-- org.test.Testingg.SellerHomelife -->
