<?xml version="1.0" encoding="UTF-8"?>
<!-- Generated by org.testng.reporters.JUnitReportReporter -->
<testsuite hostname="DESKTOP-A78VREA" failures="0" tests="1" name="org.test.Testingg.SellerProperty" time="122.443" errors="0" timestamp="2024-02-17T12:02:05 IST" skipped="0">
  <testcase classname="org.test.Testingg.SellerProperty" name="mobileandtablet" time="122.443"/>
  <system-out/>
</testsuite> <!-- org.test.Testingg.SellerProperty -->
