<?xml version="1.0" encoding="UTF-8"?>
<!-- Generated by org.testng.reporters.JUnitReportReporter -->
<testsuite hostname="DESKTOP-A78VREA" failures="0" tests="1" name="org.test.Testingg.SellerEducation" time="64.780" errors="0" timestamp="2024-02-21T12:22:47 IST" skipped="0">
  <testcase classname="org.test.Testingg.SellerEducation" name="sellerEducations" time="64.780"/>
  <system-out/>
</testsuite> <!-- org.test.Testingg.SellerEducation -->
